TN:
SF:app.js
FN:33,connectToDatabase
FN:52,startServer
FN:73,(anonymous_2)
FN:102,(anonymous_3)
FN:110,(anonymous_4)
FN:118,(anonymous_5)
FN:122,(anonymous_6)
FN:134,(anonymous_7)
FNF:8
FNH:8
FNDA:1,connectToDatabase
FNDA:1,startServer
FNDA:1,(anonymous_2)
FNDA:35,(anonymous_3)
FNDA:35,(anonymous_4)
FNDA:5,(anonymous_5)
FNDA:4,(anonymous_6)
FNDA:7,(anonymous_7)
DA:1,1
DA:2,1
DA:3,1
DA:4,1
DA:5,1
DA:6,1
DA:7,1
DA:8,1
DA:9,1
DA:10,1
DA:11,1
DA:12,1
DA:13,1
DA:14,1
DA:15,1
DA:18,1
DA:31,1
DA:34,1
DA:35,1
DA:39,1
DA:40,1
DA:42,0
DA:43,0
DA:53,1
DA:54,1
DA:55,1
DA:56,0
DA:57,0
DA:59,1
DA:60,1
DA:62,0
DA:63,0
DA:70,1
DA:74,1
DA:79,1
DA:80,1
DA:85,1
DA:87,1
DA:94,1
DA:96,1
DA:99,1
DA:102,1
DA:103,35
DA:107,35
DA:110,1
DA:111,35
DA:112,35
DA:118,1
DA:119,5
DA:122,1
DA:123,4
DA:125,4
DA:126,4
DA:129,0
DA:133,1
DA:135,7
DA:136,7
DA:137,7
DA:139,5
DA:140,5
DA:141,5
DA:144,0
DA:151,1
DA:152,1
DA:157,1
DA:201,1
DA:204,1
LF:67
LH:59
BRDA:31,0,0,1
BRDA:31,0,1,1
BRDA:55,1,0,0
BRDA:55,1,1,1
BRDA:74,2,0,1
BRDA:74,2,1,0
BRDA:137,3,0,2
BRDA:137,3,1,5
BRDA:140,4,0,0
BRDA:140,4,1,5
BRF:10
BRH:7
end_of_record
TN:
SF:models\user.js
FNF:0
FNH:0
DA:1,1
DA:4,1
DA:46,1
LF:3
LH:3
BRF:0
BRH:0
end_of_record
TN:
SF:models\water.js
FN:17,(anonymous_0)
FN:20,(anonymous_1)
FN:29,(anonymous_2)
FN:32,(anonymous_3)
FN:54,(anonymous_4)
FN:57,(anonymous_5)
FNF:6
FNH:3
FNDA:2,(anonymous_0)
FNDA:0,(anonymous_1)
FNDA:2,(anonymous_2)
FNDA:0,(anonymous_3)
FNDA:2,(anonymous_4)
FNDA:0,(anonymous_5)
DA:3,1
DA:7,1
DA:18,2
DA:20,0
DA:30,2
DA:32,0
DA:55,2
DA:57,0
DA:65,1
DA:67,1
LF:10
LH:7
BRDA:55,0,0,2
BRDA:55,0,1,2
BRF:2
BRH:2
end_of_record
TN:
SF:routes\start.js
FN:13,isLoggedIn
FN:18,isLoggedOut
FN:28,(anonymous_2)
FN:43,(anonymous_3)
FN:56,(anonymous_4)
FN:57,(anonymous_5)
FN:66,(anonymous_6)
FN:72,(anonymous_7)
FN:155,(anonymous_8)
FN:159,(anonymous_9)
FN:227,(anonymous_10)
FN:239,(anonymous_11)
FN:280,(anonymous_12)
FN:287,(anonymous_13)
FN:340,(anonymous_14)
FN:353,(anonymous_15)
FN:380,(anonymous_16)
FN:402,(anonymous_17)
FN:435,(anonymous_18)
FN:446,(anonymous_19)
FN:479,(anonymous_20)
FN:490,(anonymous_21)
FNF:22
FNH:13
FNDA:6,isLoggedIn
FNDA:2,isLoggedOut
FNDA:1,(anonymous_2)
FNDA:2,(anonymous_3)
FNDA:1,(anonymous_4)
FNDA:1,(anonymous_5)
FNDA:2,(anonymous_6)
FNDA:7,(anonymous_7)
FNDA:2,(anonymous_8)
FNDA:4,(anonymous_9)
FNDA:1,(anonymous_10)
FNDA:3,(anonymous_11)
FNDA:0,(anonymous_12)
FNDA:0,(anonymous_13)
FNDA:0,(anonymous_14)
FNDA:0,(anonymous_15)
FNDA:3,(anonymous_16)
FNDA:0,(anonymous_17)
FNDA:0,(anonymous_18)
FNDA:0,(anonymous_19)
FNDA:0,(anonymous_20)
FNDA:0,(anonymous_21)
DA:1,1
DA:2,1
DA:3,1
DA:4,1
DA:5,1
DA:6,1
DA:7,1
DA:8,1
DA:9,1
DA:10,1
DA:14,6
DA:15,2
DA:19,2
DA:20,0
DA:28,1
DA:29,1
DA:30,1
DA:31,1
DA:32,1
DA:34,0
DA:35,0
DA:43,1
DA:44,2
DA:48,2
DA:51,1
DA:56,1
DA:57,1
DA:58,1
DA:66,1
DA:67,2
DA:72,1
DA:73,7
DA:75,7
DA:77,7
DA:78,1
DA:83,7
DA:84,7
DA:85,1
DA:90,7
DA:91,7
DA:92,3
DA:97,7
DA:98,3
DA:103,7
DA:104,1
DA:109,7
DA:110,6
DA:118,1
DA:119,1
DA:125,1
DA:126,1
DA:127,1
DA:129,1
DA:131,1
DA:132,1
DA:134,0
DA:135,0
DA:138,0
DA:149,1
DA:155,1
DA:156,2
DA:159,1
DA:160,4
DA:161,4
DA:162,4
DA:163,1
DA:167,4
DA:168,2
DA:172,4
DA:173,2
DA:177,4
DA:178,3
DA:190,1
DA:191,1
DA:201,1
DA:202,1
DA:205,1
DA:207,0
DA:208,0
DA:211,0
DA:227,1
DA:228,1
DA:229,1
DA:230,1
DA:231,1
DA:234,0
DA:235,0
DA:239,1
DA:240,3
DA:241,3
DA:242,3
DA:243,1
DA:244,1
DA:246,2
DA:247,1
DA:248,1
DA:250,1
DA:265,1
DA:266,1
DA:268,0
DA:269,0
DA:270,0
DA:271,0
DA:280,1
DA:281,0
DA:287,1
DA:288,0
DA:289,0
DA:290,0
DA:291,0
DA:292,0
DA:293,0
DA:294,0
DA:297,0
DA:298,0
DA:299,0
DA:303,0
DA:318,0
DA:326,0
DA:336,0
DA:337,0
DA:339,0
DA:340,0
DA:341,0
DA:342,0
DA:343,0
DA:344,0
DA:346,0
DA:347,0
DA:348,0
DA:352,0
DA:353,0
DA:354,0
DA:355,0
DA:356,0
DA:357,0
DA:359,0
DA:360,0
DA:361,0
DA:366,0
DA:367,0
DA:371,0
DA:372,0
DA:373,0
DA:380,1
DA:381,3
DA:382,3
DA:386,2
DA:387,1
DA:388,1
DA:390,1
DA:394,1
DA:395,1
DA:396,1
DA:397,1
DA:402,1
DA:403,0
DA:404,0
DA:408,0
DA:409,0
DA:410,0
DA:412,0
DA:413,0
DA:414,0
DA:416,0
DA:417,0
DA:418,0
DA:419,0
DA:422,0
DA:423,0
DA:424,0
DA:426,0
DA:427,0
DA:428,0
DA:435,1
DA:436,0
DA:437,0
DA:438,0
DA:441,0
DA:442,0
DA:446,1
DA:447,0
DA:448,0
DA:449,0
DA:451,0
DA:452,0
DA:453,0
DA:455,0
DA:456,0
DA:457,0
DA:459,0
DA:460,0
DA:468,0
DA:471,0
DA:473,0
DA:474,0
DA:475,0
DA:479,1
DA:480,0
DA:481,0
DA:482,0
DA:485,0
DA:486,0
DA:490,1
DA:491,0
DA:492,0
DA:493,0
DA:497,0
DA:501,0
DA:503,0
DA:504,0
DA:508,0
DA:515,1
DA:516,1
DA:520,1
LF:215
LH:109
BRDA:14,0,0,4
BRDA:14,0,1,2
BRDA:14,1,0,6
BRDA:14,1,1,4
BRDA:19,2,0,2
BRDA:19,2,1,0
BRDA:77,3,0,1
BRDA:77,3,1,6
BRDA:77,4,0,7
BRDA:77,4,1,7
BRDA:77,4,2,7
BRDA:77,4,3,7
BRDA:84,5,0,1
BRDA:84,5,1,6
BRDA:91,6,0,3
BRDA:91,6,1,4
BRDA:97,7,0,3
BRDA:97,7,1,4
BRDA:103,8,0,1
BRDA:103,8,1,6
BRDA:109,9,0,6
BRDA:109,9,1,1
BRDA:162,10,0,1
BRDA:162,10,1,3
BRDA:162,11,0,4
BRDA:162,11,1,3
BRDA:162,11,2,3
BRDA:162,11,3,3
BRDA:162,11,4,3
BRDA:162,11,5,3
BRDA:162,11,6,3
BRDA:167,12,0,2
BRDA:167,12,1,2
BRDA:172,13,0,2
BRDA:172,13,1,2
BRDA:177,14,0,3
BRDA:177,14,1,1
BRDA:242,15,0,1
BRDA:242,15,1,2
BRDA:246,16,0,1
BRDA:246,16,1,1
BRDA:292,17,0,0
BRDA:292,17,1,0
BRDA:339,18,0,0
BRDA:339,18,1,0
BRDA:341,19,0,0
BRDA:341,19,1,0
BRDA:352,20,0,0
BRDA:352,20,1,0
BRDA:354,21,0,0
BRDA:354,21,1,0
BRDA:386,22,0,1
BRDA:386,22,1,1
BRDA:408,23,0,0
BRDA:408,23,1,0
BRDA:412,24,0,0
BRDA:412,24,1,0
BRDA:448,25,0,0
BRDA:448,25,1,0
BRDA:448,26,0,0
BRDA:448,26,1,0
BRDA:448,26,2,0
BRDA:448,26,3,0
BRDA:451,27,0,0
BRDA:451,27,1,0
BRDA:455,28,0,0
BRDA:455,28,1,0
BRF:67
BRH:42
end_of_record
